[INFO] Scanning for projects...
[INFO] 
[INFO] -------< com.collaborativeeditor:collaborative-document-editor >--------
[INFO] Building Collaborative Document Editor 1.0.0
[INFO]   from pom.xml
[INFO] --------------------------------[ jar ]---------------------------------
[INFO] 
[INFO] >>> spring-boot:3.2.0:run (default-cli) > test-compile @ collaborative-document-editor >>>
[INFO] 
[INFO] --- resources:3.3.1:resources (default-resources) @ collaborative-document-editor ---
[INFO] Copying 1 resource from src/main/resources to target/classes
[INFO] Copying 5 resources from src/main/resources to target/classes
[INFO] 
[INFO] --- compiler:3.11.0:compile (default-compile) @ collaborative-document-editor ---
[INFO] Nothing to compile - all classes are up to date
[INFO] 
[INFO] --- resources:3.3.1:testResources (default-testResources) @ collaborative-document-editor ---
[INFO] skip non existing resourceDirectory /home/kernel/Univercity/Patrones/Arch_Force/src/test/resources
[INFO] 
[INFO] --- compiler:3.11.0:testCompile (default-testCompile) @ collaborative-document-editor ---
[INFO] Nothing to compile - all classes are up to date
[INFO] 
[INFO] <<< spring-boot:3.2.0:run (default-cli) < test-compile @ collaborative-document-editor <<<
[INFO] 
[INFO] 
[INFO] --- spring-boot:3.2.0:run (default-cli) @ collaborative-document-editor ---
[INFO] Attaching agents: []

  .   ____          _            __ _ _
 /\\ / ___'_ __ _ _(_)_ __  __ _ \ \ \ \
( ( )\___ | '_ | '_| | '_ \/ _` | \ \ \ \
 \\/  ___)| |_)| | | | | || (_| |  ) ) ) )
  '  |____| .__|_| |_|_| |_\__, | / / / /
 =========|_|==============|___/=/_/_/_/
 :: Spring Boot ::                (v3.2.0)

2025-12-11T14:26:18.537-06:00  INFO 309384 --- [collaborative-document-editor] [  restartedMain] c.c.CollaborativeEditorApplication       : Starting CollaborativeEditorApplication using Java 21.0.9 with PID 309384 (/home/kernel/Univercity/Patrones/Arch_Force/target/classes started by kernel in /home/kernel/Univercity/Patrones/Arch_Force)
2025-12-11T14:26:18.538-06:00  INFO 309384 --- [collaborative-document-editor] [  restartedMain] c.c.CollaborativeEditorApplication       : No active profile set, falling back to 1 default profile: "default"
2025-12-11T14:26:18.567-06:00  INFO 309384 --- [collaborative-document-editor] [  restartedMain] .e.DevToolsPropertyDefaultsPostProcessor : Devtools property defaults active! Set 'spring.devtools.add-properties' to 'false' to disable
2025-12-11T14:26:18.568-06:00  INFO 309384 --- [collaborative-document-editor] [  restartedMain] .e.DevToolsPropertyDefaultsPostProcessor : For additional web related logging consider setting the 'logging.level.web' property to 'DEBUG'
2025-12-11T14:26:19.072-06:00  INFO 309384 --- [collaborative-document-editor] [  restartedMain] .s.d.r.c.RepositoryConfigurationDelegate : Bootstrapping Spring Data JPA repositories in DEFAULT mode.
2025-12-11T14:26:19.119-06:00  INFO 309384 --- [collaborative-document-editor] [  restartedMain] .s.d.r.c.RepositoryConfigurationDelegate : Finished Spring Data repository scanning in 42 ms. Found 3 JPA repository interfaces.
2025-12-11T14:26:19.502-06:00  INFO 309384 --- [collaborative-document-editor] [  restartedMain] o.s.b.w.embedded.tomcat.TomcatWebServer  : Tomcat initialized with port 8085 (http)
2025-12-11T14:26:19.509-06:00  INFO 309384 --- [collaborative-document-editor] [  restartedMain] o.apache.catalina.core.StandardService   : Starting service [Tomcat]
2025-12-11T14:26:19.510-06:00  INFO 309384 --- [collaborative-document-editor] [  restartedMain] o.apache.catalina.core.StandardEngine    : Starting Servlet engine: [Apache Tomcat/10.1.16]
2025-12-11T14:26:19.537-06:00  INFO 309384 --- [collaborative-document-editor] [  restartedMain] o.a.c.c.C.[Tomcat].[localhost].[/]       : Initializing Spring embedded WebApplicationContext
2025-12-11T14:26:19.538-06:00  INFO 309384 --- [collaborative-document-editor] [  restartedMain] w.s.c.ServletWebServerApplicationContext : Root WebApplicationContext: initialization completed in 969 ms
2025-12-11T14:26:19.643-06:00  INFO 309384 --- [collaborative-document-editor] [  restartedMain] o.hibernate.jpa.internal.util.LogHelper  : HHH000204: Processing PersistenceUnitInfo [name: default]
2025-12-11T14:26:19.676-06:00  INFO 309384 --- [collaborative-document-editor] [  restartedMain] org.hibernate.Version                    : HHH000412: Hibernate ORM core version 6.3.1.Final
2025-12-11T14:26:19.699-06:00  INFO 309384 --- [collaborative-document-editor] [  restartedMain] o.h.c.internal.RegionFactoryInitiator    : HHH000026: Second-level cache disabled
2025-12-11T14:26:19.847-06:00  INFO 309384 --- [collaborative-document-editor] [  restartedMain] o.s.o.j.p.SpringPersistenceUnitInfo      : No LoadTimeWeaver setup: ignoring JPA class transformer
2025-12-11T14:26:19.864-06:00  INFO 309384 --- [collaborative-document-editor] [  restartedMain] com.zaxxer.hikari.HikariDataSource       : HikariPool-1 - Starting...
2025-12-11T14:26:19.928-06:00  INFO 309384 --- [collaborative-document-editor] [  restartedMain] com.zaxxer.hikari.pool.HikariPool        : HikariPool-1 - Added connection org.mariadb.jdbc.Connection@3b3242aa
2025-12-11T14:26:19.929-06:00  INFO 309384 --- [collaborative-document-editor] [  restartedMain] com.zaxxer.hikari.HikariDataSource       : HikariPool-1 - Start completed.
2025-12-11T14:26:19.947-06:00  WARN 309384 --- [collaborative-document-editor] [  restartedMain] org.hibernate.orm.deprecation            : HHH90000025: MariaDBDialect does not need to be specified explicitly using 'hibernate.dialect' (remove the property setting and it will be selected by default)
2025-12-11T14:26:20.681-06:00  INFO 309384 --- [collaborative-document-editor] [  restartedMain] o.h.e.t.j.p.i.JtaPlatformInitiator       : HHH000489: No JTA platform available (set 'hibernate.transaction.jta.platform' to enable JTA platform integration)
2025-12-11T14:26:20.712-06:00  INFO 309384 --- [collaborative-document-editor] [  restartedMain] j.LocalContainerEntityManagerFactoryBean : Initialized JPA EntityManagerFactory for persistence unit 'default'
2025-12-11T14:26:21.019-06:00  WARN 309384 --- [collaborative-document-editor] [  restartedMain] JpaBaseConfiguration$JpaWebConfiguration : spring.jpa.open-in-view is enabled by default. Therefore, database queries may be performed during view rendering. Explicitly configure spring.jpa.open-in-view to disable this warning
2025-12-11T14:26:21.031-06:00  INFO 309384 --- [collaborative-document-editor] [  restartedMain] o.s.b.a.w.s.WelcomePageHandlerMapping    : Adding welcome page template: index
2025-12-11T14:26:21.266-06:00  INFO 309384 --- [collaborative-document-editor] [  restartedMain] o.s.b.d.a.OptionalLiveReloadServer       : LiveReload server is running on port 35729
2025-12-11T14:26:21.282-06:00  INFO 309384 --- [collaborative-document-editor] [  restartedMain] o.s.b.w.embedded.tomcat.TomcatWebServer  : Tomcat started on port 8085 (http) with context path ''
2025-12-11T14:26:21.288-06:00  INFO 309384 --- [collaborative-document-editor] [  restartedMain] c.c.CollaborativeEditorApplication       : Started CollaborativeEditorApplication in 2.998 seconds (process running for 3.286)
2025-12-11T14:26:32.811-06:00  INFO 309384 --- [collaborative-document-editor] [nio-8085-exec-1] o.a.c.c.C.[Tomcat].[localhost].[/]       : Initializing Spring DispatcherServlet 'dispatcherServlet'
2025-12-11T14:26:32.811-06:00  INFO 309384 --- [collaborative-document-editor] [nio-8085-exec-1] o.s.web.servlet.DispatcherServlet        : Initializing Servlet 'dispatcherServlet'
2025-12-11T14:26:32.812-06:00  INFO 309384 --- [collaborative-document-editor] [nio-8085-exec-1] o.s.web.servlet.DispatcherServlet        : Completed initialization in 1 ms
Hibernate: select d1_0.id,d1_0.author,d1_0.created_at,d1_0.last_modified,d1_0.metadata,d1_0.title,d1_0.version from documents d1_0
Hibernate: select e1_0.document_id,e1_0.id,e1_0.element_type,e1_0.content,e1_0.level,e1_0.alt_text,e1_0.url,e1_0.ordered,e1_0.color,e1_0.size,we1_0.id,we1_0.element_type,we1_0.content,we1_0.level,we1_0.alt_text,we1_0.url,we1_0.ordered,we1_0.color,we1_0.size,we1_0.wrapped_element_id from elements e1_0 left join elements we1_0 on we1_0.id=e1_0.wrapped_element_id where e1_0.document_id=?
Hibernate: select e1_0.document_id,e1_0.id,e1_0.element_type,e1_0.content,e1_0.level,e1_0.alt_text,e1_0.url,e1_0.ordered,e1_0.color,e1_0.size,we1_0.id,we1_0.element_type,we1_0.content,we1_0.level,we1_0.alt_text,we1_0.url,we1_0.ordered,we1_0.color,we1_0.size,we1_0.wrapped_element_id from elements e1_0 left join elements we1_0 on we1_0.id=e1_0.wrapped_element_id where e1_0.document_id=?
Hibernate: select e1_0.document_id,e1_0.id,e1_0.element_type,e1_0.content,e1_0.level,e1_0.alt_text,e1_0.url,e1_0.ordered,e1_0.color,e1_0.size,we1_0.id,we1_0.element_type,we1_0.content,we1_0.level,we1_0.alt_text,we1_0.url,we1_0.ordered,we1_0.color,we1_0.size,we1_0.wrapped_element_id from elements e1_0 left join elements we1_0 on we1_0.id=e1_0.wrapped_element_id where e1_0.document_id=?
2025-12-11T14:26:33.439-06:00  WARN 309384 --- [collaborative-document-editor] [nio-8085-exec-3] .m.m.a.ExceptionHandlerExceptionResolver : Resolved [org.springframework.web.servlet.resource.NoResourceFoundException: No static resource favicon.ico.]
